<?xml version="1.0" encoding="utf-8"?><testsuites name="pytest tests"><testsuite name="pytest" errors="0" failures="0" skipped="0" tests="7" time="0.406" timestamp="2026-01-09T00:37:44.669577+00:00" hostname="agent-env-35c9f29a-59dc-4c85-a4ee-4d1b3ac619c1"><testcase classname="tests.test_chat_visibility.TestAPIHealth" name="test_api_root" time="0.058" /><testcase classname="tests.test_chat_visibility.TestAPIHealth" name="test_feature_config" time="0.039" /><testcase classname="tests.test_chat_visibility.TestProjects" name="test_get_projects" time="0.040" /><testcase classname="tests.test_chat_visibility.TestConversations" name="test_get_conversations" time="0.039" /><testcase classname="tests.test_chat_visibility.TestConversations" name="test_get_recent_conversations" time="0.039" /><testcase classname="tests.test_chat_visibility.TestMessages" name="test_get_messages_from_conversation" time="0.090" /><testcase classname="tests.test_chat_visibility.TestLLMProviders" name="test_available_providers" time="0.041" /></testsuite></testsuites>